<?xml version="1.0" encoding="UTF-8"?>
<testng-results ignored="0" total="1" passed="1" failed="0" skipped="0">
  <reporter-output>
  </reporter-output>
  <suite started-at="2025-09-21T15:20:54 EEST" name="AutomationExercise Suite" finished-at="2025-09-21T15:21:09 EEST" duration-ms="14787">
    <groups>
    </groups>
    <test started-at="2025-09-21T15:20:54 EEST" name="Register User Tests" finished-at="2025-09-21T15:21:09 EEST" duration-ms="14787">
      <class name="tests.TestAddRecommendedItemsToCart">
        <test-method is-config="true" signature="setUp()[pri:0, instance:tests.TestAddRecommendedItemsToCart@6e171cd7]" started-at="2025-09-21T15:20:54 EEST" name="setUp" finished-at="2025-09-21T15:21:01 EEST" duration-ms="6669" status="PASS">
          <reporter-output>
          </reporter-output>
        </test-method> <!-- setUp -->
        <test-method signature="testAddRecommendedItemToCart()[pri:0, instance:tests.TestAddRecommendedItemsToCart@6e171cd7]" started-at="2025-09-21T15:21:01 EEST" name="testAddRecommendedItemToCart" finished-at="2025-09-21T15:21:09 EEST" duration-ms="7925" status="PASS">
          <reporter-output>
          </reporter-output>
        </test-method> <!-- testAddRecommendedItemToCart -->
        <test-method is-config="true" signature="tearDown()[pri:0, instance:tests.TestAddRecommendedItemsToCart@6e171cd7]" started-at="2025-09-21T15:21:09 EEST" name="tearDown" finished-at="2025-09-21T15:21:09 EEST" duration-ms="167" status="PASS">
          <reporter-output>
          </reporter-output>
        </test-method> <!-- tearDown -->
      </class> <!-- tests.TestAddRecommendedItemsToCart -->
    </test> <!-- Register User Tests -->
  </suite> <!-- AutomationExercise Suite -->
</testng-results>
