<?xml version="1.0" encoding="UTF-8"?>
<testsuite xmlns:xsi="http://www.w3.org/2001/XMLSchema-instance" xsi:noNamespaceSchemaLocation="https://maven.apache.org/surefire/maven-surefire-plugin/xsd/surefire-test-report-3.0.xsd" version="3.0" name="TestSuite" time="32.6" tests="1" errors="0" skipped="0" failures="0">
  <properties>
[...]
</properties>
  <testcase name="downloadInvoiceAfterPurchase" classname="tests.TestCase24" time="30.019">
    <system-out><![CDATA[✅ First product added to cart.
✅ Modal disappeared.
✅ Clicked 'Continue Shopping'
✅ Modal disappeared.
✅ Second product added to cart.
🛒 Clicked 'View Cart'
🛒 Clicked 'View Cart'
💳 Payment details entered
✅ Clicked 'Pay and Confirm Order' safely via JS
🎉 Order placed successfully: true
📥 Invoice downloaded successfully
❌ Clicked 'Delete Account'
✅ Account deleted message visible: true
➡️ Clicked 'Continue' after account deletion
]]></system-out>
    <system-err><![CDATA[SLF4J(W): No SLF4J providers were found.
SLF4J(W): Defaulting to no-operation (NOP) logger implementation
SLF4J(W): See https://www.slf4j.org/codes.html#noProviders for further details.
Sep 22, 2025 1:23:13 PM org.openqa.selenium.devtools.CdpVersionFinder findNearestMatch
WARNING: Unable to find an exact match for CDP version 140, returning the closest version; found: 138; Please update to a Selenium version that supports CDP version 140
]]></system-err>
  </testcase>
</testsuite>