<?xml version="1.0" encoding="UTF-8"?>
<!-- Generated by org.testng.reporters.JUnitXMLReporter -->
<testsuite ignored="0" hostname="DESKTOP-NN4KHLL" failures="1" tests="1" name="Register User Tests" time="9.274" errors="0" timestamp="2025-09-18T12:44:03 EEST">
  <testcase classname="tests.SearchProductTest" name="testSearchProduct" time="5.071">
    <failure type="java.lang.AssertionError" message="❌ Not all displayed products are related to the search keyword! expected [true] but found [false]">
      <![CDATA[java.lang.AssertionError: ❌ Not all displayed products are related to the search keyword! expected [true] but found [false]
at tests.SearchProductTest.testSearchProduct(SearchProductTest.java:47)
at java.base/java.util.ArrayList.forEach(ArrayList.java:1511)
... Removed 34 stack frames]]>
    </failure>
  </testcase> <!-- testSearchProduct -->
</testsuite> <!-- Register User Tests -->
